
---------------------------------------

Reading document : Start.
Reading document : End.

---------------------------------------

Verifying document : Start.
Verifying document : End.

---------------------------------------

Machine initialization : Start.
Machine initialization : End.

---------------------------------------


Generating NC code file : Start.

Information: ** activity Manufacturing Program.1 : INIT. ** 

Information: ** activity Turning Tool Change.15 : INIT. ** 
Information: ** Machining and total time  : 0s , 0s . ** 
Information: ** activity Turning Tool Change.15 : END . ** 

Information: ** activity Rough Turning.10 : INIT. ** 
Information: ** Machining and total time  : 2h 30mn 1s , 2h 30mn 1s . ** 
Information: ** activity Rough Turning.10 : END . ** 

Information: ** activity Turning Tool Change.14 : INIT. ** 
Information: ** Machining and total time  : 0s , 0s . ** 
Information: ** activity Turning Tool Change.14 : END . ** 

Information: ** activity Profile Finish Turning.1 : INIT. ** 
Information: ** Machining and total time  : 8mn 39s , 8mn 39s . ** 
Information: ** activity Profile Finish Turning.1 : END . ** 

Information: ** activity Turning Tool Change.12 : INIT. ** 
Information: ** Machining and total time  : 0s , 0s . ** 
Information: ** activity Turning Tool Change.12 : END . ** 

Information: ** activity Groove Turning.3 : INIT. ** 
Information: ** Machining and total time  : 10mn 1s , 10mn 1s . ** 
Information: ** activity Groove Turning.3 : END . ** 

Information: ** activity Turning Tool Change.10 : INIT. ** 
Information: ** Machining and total time  : 0s , 0s . ** 
Information: ** activity Turning Tool Change.10 : END . ** 

Information: ** activity Groove Finish Turning.3 : INIT. ** 
Information: ** Machining and total time  : 1mn 48s , 1mn 48s . ** 
Information: ** activity Groove Finish Turning.3 : END . ** 
Information: ** activity Manufacturing Program.1 : END . ** 
Generating NC code file : End.

---------------------------------------


---------------------------------------

End of Batch.

---------------------------------------

