
---------------------------------------

Reading document : Start.
Reading document : End.

---------------------------------------

Verifying document : Start.
Verifying document : End.

---------------------------------------

Machine initialization : Start.
Machine initialization : End.

---------------------------------------


Generating NC code file : Start.

Information: ** activity Manufacturing Program.2 : INIT. ** 

Information: ** activity Turning Tool Change.19 : INIT. ** 
Information: ** Machining and total time  : 0s , 0s . ** 
Information: ** activity Turning Tool Change.19 : END . ** 

Information: ** activity Rough Turning.15 : INIT. ** 
Information: ** Machining and total time  : 52mn 43s , 52mn 43s . ** 
Information: ** activity Rough Turning.15 : END . ** 

Information: ** activity Profile Finish Turning.2 : INIT. ** 
Information: ** Machining and total time  : 2mn 36s , 2mn 36s . ** 
Information: ** activity Profile Finish Turning.2 : END . ** 
Information: ** activity Manufacturing Program.2 : END . ** 
Generating NC code file : End.

---------------------------------------


---------------------------------------

End of Batch.

---------------------------------------

