
---------------------------------------

Reading document : Start.
Reading document : End.

---------------------------------------

Verifying document : Start.
Verifying document : End.

---------------------------------------

Machine initialization : Start.
Machine initialization : End.

---------------------------------------


Generating NC code file : Start.

Information: ** activity Manufacturing Program.3 : INIT. ** 

Information: ** activity Tool Change.7 : INIT. ** 
Information: ** Machining and total time  : 0s , 0s . ** 
Information: ** activity Tool Change.7 : END . ** 

Information: ** activity Drilling.8 : INIT. ** 
Information: ** Machining and total time  : 4s , 4s . ** 
Information: ** activity Drilling.8 : END . ** 

Information: ** activity Drilling.7 : INIT. ** 
Information: ** Machining and total time  : 4s , 4s . ** 
Information: ** activity Drilling.7 : END . ** 

Information: ** activity Drilling.6 : INIT. ** 
Information: ** Machining and total time  : 4s , 4s . ** 
Information: ** activity Drilling.6 : END . ** 

Information: ** activity Drilling.5 : INIT. ** 
Information: ** Machining and total time  : 4s , 4s . ** 
Information: ** activity Drilling.5 : END . ** 

Information: ** activity Tool Change.3 : INIT. ** 
Information: ** Machining and total time  : 0s , 0s . ** 
Information: ** activity Tool Change.3 : END . ** 

Information: ** activity Pocketing.2 : INIT. ** 
Information: ** Machining and total time  : 5mn 32s , 5mn 49s . ** 
Information: ** activity Pocketing.2 : END . ** 
Information: ** activity Manufacturing Program.3 : END . ** 
Generating NC code file : End.

---------------------------------------


---------------------------------------

End of Batch.

---------------------------------------

